True,tagcomp_nb201_gin,True,30000,4,python new_main.py --seed 42 --name_desc table1_s --gnn_type ensemble --sample_sizes 7 39 78 --batch_size 8 --space nb201 --representation adj_gin  --test_size 7813 --num_trials 9
True,tagcomp_nb201_zcp,True,30000,4,python new_main.py --seed 42 --name_desc table1_s --gnn_type ensemble --sample_sizes 7 39 78 --batch_size 8 --space nb201 --representation adj_gin_zcp --test_size 7813 --num_trials 9
True,tagcomp_nb201_cat,True,30000,4,python new_main.py --seed 42 --name_desc table1_s --gnn_type ensemble --sample_sizes 7 39 78 --batch_size 8 --space nb201 --representation adj_gin_cate --test_size 7813 --num_trials 9
True,tagcomp_nb201_a2v,True,30000,4,python new_main.py --seed 42 --name_desc table1_s --gnn_type ensemble --sample_sizes 7 39 78 --batch_size 8 --space nb201 --representation adj_gin_arch2vec --test_size 7813 --num_trials 9
True,tagcomp_nb201_a2vczcp,True,30000,4,python new_main.py --seed 42 --name_desc table1_s --gnn_type ensemble --sample_sizes 7 39 78 --batch_size 8 --space nb201 --representation adj_gin_a2vcatezcp --test_size 7813 --num_trials 9
True,tagcomp_nb101_gin,True,30000,4,python new_main.py --seed 42 --name_desc table1_s --gnn_type ensemble --sample_sizes 72 364 729 --batch_size 8 --space nb101 --representation adj_gin --test_size 7290 --num_trials 9
True,tagcomp_nb101_zcp,True,30000,4,python new_main.py --seed 42 --name_desc table1_s --gnn_type ensemble --sample_sizes 72 364 729 --batch_size 8 --space nb101 --representation adj_gin_zcp --test_size 7290 --num_trials 9
True,tagcomp_nb101_cat,True,30000,4,python new_main.py --seed 42 --name_desc table1_s --gnn_type ensemble --sample_sizes 72 364 729 --batch_size 8 --space nb101 --representation adj_gin_cate --test_size 7290 --num_trials 9
True,tagcomp_nb101_a2vczcp,True,30000,4,python new_main.py --seed 42 --name_desc table1_s --gnn_type ensemble --sample_sizes 72 364 729 --batch_size 8 --space nb101 --representation adj_gin_arch2vec --test_size 7290 --num_trials 9
True,tagcomp_nb101_a2v,True,30000,4,python new_main.py --seed 42 --name_desc table1_s --gnn_type ensemble --sample_sizes 72 364 729 --batch_size 8 --space nb101 --representation adj_gin_a2vcatezcp --test_size 7290 --num_trials 9

True,tagcomp_nb101_gin,True,30000,4,python new_main.py --seed 42 --name_desc table1_s --gnn_type ensemble --sample_sizes 30 59 295 --batch_size 8 --space nb301 --representation adj_gin --test_size 5896 --num_trials 9
True,tagcomp_nb101_zcp,True,30000,4,python new_main.py --seed 42 --name_desc table1_s --gnn_type ensemble --sample_sizes 30 59 295 --batch_size 8 --space nb301 --representation adj_gin_zcp --test_size 5896 --num_trials 9
True,tagcomp_nb101_cat,True,30000,4,python new_main.py --seed 42 --name_desc table1_s --gnn_type ensemble --sample_sizes 30 59 295 --batch_size 8 --space nb301 --representation adj_gin_cate --test_size 5896 --num_trials 9
True,tagcomp_nb101_a2vczcp,True,30000,4,python new_main.py --seed 42 --name_desc table1_s --gnn_type ensemble --sample_sizes 30 59 295 --batch_size 8 --space nb301 --representation adj_gin_arch2vec --test_size 5896 --num_trials 9
True,tagcomp_nb101_a2v,True,30000,4,python new_main.py --seed 42 --name_desc table1_s --gnn_type ensemble --sample_sizes 30 59 295 --batch_size 8 --space nb301 --representation adj_gin_a2vcatezcp --test_size 5896 --num_trials 9

True,tagcomp_ENAS_gin,True,30000,4,python new_main.py --seed 42 --name_desc table1_s --gnn_type ensemble --sample_sizes 25 50 125 --batch_size 25 --space ENAS --representation adj_gin --test_size 500 --num_trials 9
True,tagcomp_ENAS_zcp,True,30000,4,python new_main.py --seed 42 --name_desc table1_s --gnn_type ensemble --sample_sizes 25 50 125 --batch_size 25 --space ENAS --representation adj_gin_zcp --test_size 500 --num_trials 9
True,tagcomp_ENAS_cat,True,30000,4,python new_main.py --seed 42 --name_desc table1_s --gnn_type ensemble --sample_sizes 25 50 125 --batch_size 25 --space ENAS --representation adj_gin_cate --test_size 500 --num_trials 9
True,tagcomp_ENAS_a2v,True,30000,4,python new_main.py --seed 42 --name_desc table1_s --gnn_type ensemble --sample_sizes 25 50 125 --batch_size 25 --space ENAS --representation adj_gin_arch2vec --test_size 500 --num_trials 9
True,tagcomp_ENAS_a2vczcp,True,30000,4,python new_main.py --seed 42 --name_desc table1_s --gnn_type ensemble --sample_sizes 25 50 125 --batch_size 25 --space ENAS --representation adj_gin_a2vcatezcp --test_size 500 --num_trials 9

True,tagcomptf_nb201_gin,True,80000,4,python universal_main.py --seed 42 --name_desc table1_tf --gnn_type ensemble --sample_size 512 --sourcetest_size 128 --transfer_sample_sizes 7 39 78 --batch_size 8 --space nb101 --transfer_space nb201 --representation adj_gin --joint_repr --test_size 7813 --num_trials 9
True,tagcomptf_nb201_zcp,True,80000,4,python universal_main.py --seed 42 --name_desc table1_tf --gnn_type ensemble --sample_size 512 --sourcetest_size 128 --transfer_sample_sizes 7 39 78 --batch_size 8 --space nb101 --transfer_space nb201 --representation adj_gin_zcp --joint_repr --test_size 7813 --num_trials 9
True,tagcomptf_nb201_cat,True,80000,4,python universal_main.py --seed 42 --name_desc table1_tf --gnn_type ensemble --sample_size 512 --sourcetest_size 128 --transfer_sample_sizes 7 39 78 --batch_size 8 --space nb101 --transfer_space nb201 --representation adj_gin_cate --joint_repr --test_size 7813 --num_trials 9
True,tagcomptf_nb201_a2v,True,80000,4,python universal_main.py --seed 42 --name_desc table1_tf --gnn_type ensemble --sample_size 512 --sourcetest_size 128 --transfer_sample_sizes 7 39 78 --batch_size 8 --space nb101 --transfer_space nb201 --representation adj_gin_arch2vec --joint_repr --test_size 7813 --num_trials 9
True,tagcomptf_nb201_a2vczcp,True,80000,4,python universal_main.py --seed 42 --name_desc table1_tf --gnn_type ensemble --sample_size 512 --sourcetest_size 128 --transfer_sample_sizes 7 39 78 --batch_size 8 --space nb101 --transfer_space nb201 --representation adj_gin_a2vcatezcp --joint_repr --test_size 7813 --num_trials 9

True,tagcomptf_n101_gin,True,80000,4,python universal_main.py --seed 42 --name_desc table1_tf --gnn_type ensemble --sample_size 512 --sourcetest_size 128 --transfer_sample_sizes 72 364 729 --batch_size 8 --space nb201 --transfer_space nb101 --representation adj_gin --joint_repr --test_size 7290 --num_trials 9
True,tagcomptf_n101_zcp,True,80000,4,python universal_main.py --seed 42 --name_desc table1_tf --gnn_type ensemble --sample_size 512 --sourcetest_size 128 --transfer_sample_sizes 72 364 729 --batch_size 8 --space nb201 --transfer_space nb101 --representation adj_gin_zcp --joint_repr --test_size 7290 --num_trials 9
True,tagcomptf_n101_cat,True,80000,4,python universal_main.py --seed 42 --name_desc table1_tf --gnn_type ensemble --sample_size 512 --sourcetest_size 128 --transfer_sample_sizes 72 364 729 --batch_size 8 --space nb201 --transfer_space nb101 --representation adj_gin_cate --joint_repr --test_size 7290 --num_trials 9
True,tagcomptf_n101_a2v,True,80000,4,python universal_main.py --seed 42 --name_desc table1_tf --gnn_type ensemble --sample_size 512 --sourcetest_size 128 --transfer_sample_sizes 72 364 729 --batch_size 8 --space nb201 --transfer_space nb101 --representation adj_gin_arch2vec --joint_repr --test_size 7290 --num_trials 9
True,tagcomptf_n101_a2vczcp,True,80000,4,python universal_main.py --seed 42 --name_desc table1_tf --gnn_type ensemble --sample_size 512 --sourcetest_size 128 --transfer_sample_sizes 72 364 729 --batch_size 8 --space nb201 --transfer_space nb101 --representation adj_gin_a2vcatezcp --joint_repr --test_size 7290 --num_trials 9

True,tagcomptf_ENAS_gin,True,80000,4,python universal_main.py --seed 42 --name_desc table1_tf --gnn_type ensemble --sample_size 512 --sourcetest_size 128 --transfer_sample_sizes 25 50 125 --batch_size 25 --space DARTS --transfer_space ENAS --representation adj_gin --joint_repr --test_size 500 --num_trials 9
True,tagcomptf_ENAS_zcp,True,80000,4,python universal_main.py --seed 42 --name_desc table1_tf --gnn_type ensemble --sample_size 512 --sourcetest_size 128 --transfer_sample_sizes 25 50 125 --batch_size 25 --space DARTS --transfer_space ENAS --representation adj_gin_zcp --joint_repr --test_size 500 --num_trials 9
True,tagcomptf_ENAS_cat,True,80000,4,python universal_main.py --seed 42 --name_desc table1_tf --gnn_type ensemble --sample_size 512 --sourcetest_size 128 --transfer_sample_sizes 25 50 125 --batch_size 25 --space DARTS --transfer_space ENAS --representation adj_gin_cate --joint_repr --test_size 500 --num_trials 9
True,tagcomptf_ENAS_a2v,True,80000,4,python universal_main.py --seed 42 --name_desc table1_tf --gnn_type ensemble --sample_size 512 --sourcetest_size 128 --transfer_sample_sizes 25 50 125 --batch_size 25 --space DARTS --transfer_space ENAS --representation adj_gin_arch2vec --joint_repr --test_size 500 --num_trials 9
True,tagcomptf_ENAS_a2vczcp,True,80000,4,python universal_main.py --seed 42 --name_desc table1_tf --gnn_type ensemble --sample_size 512 --sourcetest_size 128 --transfer_sample_sizes 25 50 125 --batch_size 25 --space DARTS --transfer_space ENAS --representation adj_gin_a2vcatezcp --joint_repr --test_size 500 --num_trials 9

True,tagcomptf_ENAS_gin,True,80000,4,python universal_main.py --seed 42 --name_desc table1_tf --gnn_type ensemble --sample_size 512 --sourcetest_size 128 --transfer_sample_sizes 30 59 295 --batch_size 8 --space DARTS --transfer_space nb301 --representation adj_gin --joint_repr --test_size 5896 --num_trials 9
True,tagcomptf_ENAS_zcp,True,80000,4,python universal_main.py --seed 42 --name_desc table1_tf --gnn_type ensemble --sample_size 512 --sourcetest_size 128 --transfer_sample_sizes 30 59 295 --batch_size 8 --space DARTS --transfer_space nb301 --representation adj_gin_zcp --joint_repr --test_size 5896 --num_trials 9
True,tagcomptf_ENAS_cat,True,80000,4,python universal_main.py --seed 42 --name_desc table1_tf --gnn_type ensemble --sample_size 512 --sourcetest_size 128 --transfer_sample_sizes 30 59 295 --batch_size 8 --space DARTS --transfer_space nb301 --representation adj_gin_cate --joint_repr --test_size 5896 --num_trials 9
True,tagcomptf_ENAS_a2v,True,80000,4,python universal_main.py --seed 42 --name_desc table1_tf --gnn_type ensemble --sample_size 512 --sourcetest_size 128 --transfer_sample_sizes 30 59 295 --batch_size 8 --space DARTS --transfer_space nb301 --representation adj_gin_arch2vec --joint_repr --test_size 5896 --num_trials 9
True,tagcomptf_ENAS_a2vczcp,True,80000,4,python universal_main.py --seed 42 --name_desc table1_tf --gnn_type ensemble --sample_size 512 --sourcetest_size 128 --transfer_sample_sizes 30 59 295 --batch_size 8 --space DARTS --transfer_space nb301 --representation adj_gin_a2vcatezcp --joint_repr --test_size 5896 --num_trials 9