## !!!!!!!!!! NAS ALLSPACES !!!!!!!!!

False,allnas_nas_nb101,True,80000,2,python search.py --seed 42 --name_desc allnas --target_space nb101 --gnn_type ensemble --periter_samps 8 --samp_lim 512 --representation adj_gin --epochs 40
False,allnas_nas_nb201,True,80000,2,python search.py --seed 42 --name_desc allnas --target_space nb201 --gnn_type ensemble --periter_samps 8 --samp_lim 512 --representation adj_gin --epochs 40
False,allnas_nas_nb301,True,80000,2,python search.py --seed 42 --name_desc allnas --target_space nb301 --gnn_type ensemble --periter_samps 8 --samp_lim 512 --representation adj_gin --epochs 40
False,allnas_nas_tb101,True,80000,2,python search.py --seed 42 --name_desc allnas --target_space tb101 --gnn_type ensemble --periter_samps 8 --samp_lim 512 --representation adj_gin --epochs 40
False,allnas_nas_Amoeba,True,80000,2,python search.py --seed 42 --name_desc allnas --target_space Amoeba --gnn_type ensemble --periter_samps 8 --samp_lim 512 --representation adj_gin --epochs 40
False,allnas_nas_PNAS_fix-w-d,True,80000,2,python search.py --seed 42 --name_desc allnas --target_space PNAS_fix-w-d --gnn_type ensemble --periter_samps 8 --samp_lim 512 --representation adj_gin --epochs 40
False,allnas_nas_ENAS_fix-w-d,True,80000,2,python search.py --seed 42 --name_desc allnas --target_space ENAS_fix-w-d --gnn_type ensemble --periter_samps 8 --samp_lim 512 --representation adj_gin --epochs 40
False,allnas_nas_NASNet,True,80000,2,python search.py --seed 42 --name_desc allnas --target_space NASNet --gnn_type ensemble --periter_samps 8 --samp_lim 512 --representation adj_gin --epochs 40
False,allnas_nas_DARTS,True,80000,2,python search.py --seed 42 --name_desc allnas --target_space DARTS --gnn_type ensemble --periter_samps 8 --samp_lim 512 --representation adj_gin --epochs 40
False,allnas_nas_ENAS,True,80000,2,python search.py --seed 42 --name_desc allnas --target_space ENAS --gnn_type ensemble --periter_samps 8 --samp_lim 512 --representation adj_gin --epochs 40
False,allnas_nas_PNAS,True,80000,2,python search.py --seed 42 --name_desc allnas --target_space PNAS --gnn_type ensemble --periter_samps 8 --samp_lim 512 --representation adj_gin --epochs 40
False,allnas_nas_DARTS_lr-wd,True,80000,2,python search.py --seed 42 --name_desc allnas --target_space DARTS_lr-wd --gnn_type ensemble --periter_samps 8 --samp_lim 512 --representation adj_gin --epochs 40
False,allnas_nas_DARTS_fix-w-d,True,80000,2,python search.py --seed 42 --name_desc allnas --target_space DARTS_fix-w-d --gnn_type ensemble --periter_samps 8 --samp_lim 512 --representation adj_gin --epochs 40
False,allnas_nas_nb101,True,80000,2,python search.py --seed 42 --name_desc allnas --target_space nb101 --gnn_type ensemble --periter_samps 8 --samp_lim 512 --representation adj_gin_arch2vec --epochs 40
False,allnas_nas_nb201,True,80000,2,python search.py --seed 42 --name_desc allnas --target_space nb201 --gnn_type ensemble --periter_samps 8 --samp_lim 512 --representation adj_gin_arch2vec --epochs 40
False,allnas_nas_nb301,True,80000,2,python search.py --seed 42 --name_desc allnas --target_space nb301 --gnn_type ensemble --periter_samps 8 --samp_lim 512 --representation adj_gin_arch2vec --epochs 40
False,allnas_nas_tb101,True,80000,2,python search.py --seed 42 --name_desc allnas --target_space tb101 --gnn_type ensemble --periter_samps 8 --samp_lim 512 --representation adj_gin_arch2vec --epochs 40
False,allnas_nas_Amoeba,True,80000,2,python search.py --seed 42 --name_desc allnas --target_space Amoeba --gnn_type ensemble --periter_samps 8 --samp_lim 512 --representation adj_gin_arch2vec --epochs 40
False,allnas_nas_PNAS_fix-w-d,True,80000,2,python search.py --seed 42 --name_desc allnas --target_space PNAS_fix-w-d --gnn_type ensemble --periter_samps 8 --samp_lim 512 --representation adj_gin_arch2vec --epochs 40
False,allnas_nas_ENAS_fix-w-d,True,80000,2,python search.py --seed 42 --name_desc allnas --target_space ENAS_fix-w-d --gnn_type ensemble --periter_samps 8 --samp_lim 512 --representation adj_gin_arch2vec --epochs 40
False,allnas_nas_NASNet,True,80000,2,python search.py --seed 42 --name_desc allnas --target_space NASNet --gnn_type ensemble --periter_samps 8 --samp_lim 512 --representation adj_gin_arch2vec --epochs 40
False,allnas_nas_DARTS,True,80000,2,python search.py --seed 42 --name_desc allnas --target_space DARTS --gnn_type ensemble --periter_samps 8 --samp_lim 512 --representation adj_gin_arch2vec --epochs 40
False,allnas_nas_ENAS,True,80000,2,python search.py --seed 42 --name_desc allnas --target_space ENAS --gnn_type ensemble --periter_samps 8 --samp_lim 512 --representation adj_gin_arch2vec --epochs 40
False,allnas_nas_PNAS,True,80000,2,python search.py --seed 42 --name_desc allnas --target_space PNAS --gnn_type ensemble --periter_samps 8 --samp_lim 512 --representation adj_gin_arch2vec --epochs 40
False,allnas_nas_DARTS_lr-wd,True,80000,2,python search.py --seed 42 --name_desc allnas --target_space DARTS_lr-wd --gnn_type ensemble --periter_samps 8 --samp_lim 512 --representation adj_gin_arch2vec --epochs 40
False,allnas_nas_DARTS_fix-w-d,True,80000,2,python search.py --seed 42 --name_desc allnas --target_space DARTS_fix-w-d --gnn_type ensemble --periter_samps 8 --samp_lim 512 --representation adj_gin_arch2vec --epochs 40
False,allnas_zcp_nas_nb101,True,80000,2,python search.py --seed 42 --name_desc allnas --target_space nb101 --gnn_type ensemble --periter_samps 8 --samp_lim 512 --representation adj_gin_zcp --epochs 40
False,allnas_zcp_nas_nb201,True,80000,2,python search.py --seed 42 --name_desc allnas --target_space nb201 --gnn_type ensemble --periter_samps 8 --samp_lim 512 --representation adj_gin_zcp --epochs 40
False,allnas_zcp_nas_tb101,True,80000,2,python search.py --seed 42 --name_desc allnas --target_space tb101 --gnn_type ensemble --periter_samps 8 --samp_lim 512 --representation adj_gin_zcp --epochs 40
False,allnas_zcp_nas_Amoeba,True,80000,2,python search.py --seed 42 --name_desc allnas --target_space Amoeba --gnn_type ensemble --periter_samps 8 --samp_lim 512 --representation adj_gin_zcp --epochs 40
False,allnas_zcp_nas_PNAS_fix-w-d,True,80000,2,python search.py --seed 42 --name_desc allnas --target_space PNAS_fix-w-d --gnn_type ensemble --periter_samps 8 --samp_lim 512 --representation adj_gin_zcp --epochs 40
False,allnas_zcp_nas_ENAS_fix-w-d,True,80000,2,python search.py --seed 42 --name_desc allnas --target_space ENAS_fix-w-d --gnn_type ensemble --periter_samps 8 --samp_lim 512 --representation adj_gin_zcp --epochs 40
False,allnas_zcp_nas_NASNet,True,80000,2,python search.py --seed 42 --name_desc allnas --target_space NASNet --gnn_type ensemble --periter_samps 8 --samp_lim 512 --representation adj_gin_zcp --epochs 40
False,allnas_zcp_nas_DARTS,True,80000,2,python search.py --seed 42 --name_desc allnas --target_space DARTS --gnn_type ensemble --periter_samps 8 --samp_lim 512 --representation adj_gin_zcp --epochs 40
False,allnas_zcp_nas_ENAS,True,80000,2,python search.py --seed 42 --name_desc allnas --target_space ENAS --gnn_type ensemble --periter_samps 8 --samp_lim 512 --representation adj_gin_zcp --epochs 40
False,allnas_zcp_nas_PNAS,True,80000,2,python search.py --seed 42 --name_desc allnas --target_space PNAS --gnn_type ensemble --periter_samps 8 --samp_lim 512 --representation adj_gin_zcp --epochs 40
False,allnas_zcp_nas_DARTS_lr-wd,True,80000,2,python search.py --seed 42 --name_desc allnas --target_space DARTS_lr-wd --gnn_type ensemble --periter_samps 8 --samp_lim 512 --representation adj_gin_zcp --epochs 40
False,allnas_zcp_nas_DARTS_fix-w-d,True,80000,2,python search.py --seed 42 --name_desc allnas --target_space DARTS_fix-w-d --gnn_type ensemble --periter_samps 8 --samp_lim 512 --representation adj_gin_zcp --epochs 40


True,allnas_zcp_nas_nb101,True,80000,2,python search.py --seed 42 --name_desc allnas --target_space nb101 --gnn_type ensemble --periter_samps 8 --samp_lim 512 --representation adj_gin_a2vcatezcp --epochs 40
True,allnas_zcp_nas_nb201,True,80000,2,python search.py --seed 42 --name_desc allnas --target_space nb201 --gnn_type ensemble --periter_samps 8 --samp_lim 512 --representation adj_gin_a2vcatezcp --epochs 40
True,allnas_zcp_nas_tb101,True,80000,2,python search.py --seed 42 --name_desc allnas --target_space tb101 --gnn_type ensemble --periter_samps 8 --samp_lim 512 --representation adj_gin_a2vcatezcp --epochs 40
True,allnas_zcp_nas_Amoeba,True,80000,2,python search.py --seed 42 --name_desc allnas --target_space Amoeba --gnn_type ensemble --periter_samps 8 --samp_lim 512 --representation adj_gin_a2vcatezcp --epochs 40
True,allnas_zcp_nas_PNAS_fix-w-d,True,80000,2,python search.py --seed 42 --name_desc allnas --target_space PNAS_fix-w-d --gnn_type ensemble --periter_samps 8 --samp_lim 512 --representation adj_gin_a2vcatezcp --epochs 40
True,allnas_zcp_nas_ENAS_fix-w-d,True,80000,2,python search.py --seed 42 --name_desc allnas --target_space ENAS_fix-w-d --gnn_type ensemble --periter_samps 8 --samp_lim 512 --representation adj_gin_a2vcatezcp --epochs 40
True,allnas_zcp_nas_NASNet,True,80000,2,python search.py --seed 42 --name_desc allnas --target_space NASNet --gnn_type ensemble --periter_samps 8 --samp_lim 512 --representation adj_gin_a2vcatezcp --epochs 40
True,allnas_zcp_nas_DARTS,True,80000,2,python search.py --seed 42 --name_desc allnas --target_space DARTS --gnn_type ensemble --periter_samps 8 --samp_lim 512 --representation adj_gin_a2vcatezcp --epochs 40
True,allnas_zcp_nas_ENAS,True,80000,2,python search.py --seed 42 --name_desc allnas --target_space ENAS --gnn_type ensemble --periter_samps 8 --samp_lim 512 --representation adj_gin_a2vcatezcp --epochs 40
True,allnas_zcp_nas_PNAS,True,80000,2,python search.py --seed 42 --name_desc allnas --target_space PNAS --gnn_type ensemble --periter_samps 8 --samp_lim 512 --representation adj_gin_a2vcatezcp --epochs 40
True,allnas_zcp_nas_DARTS_lr-wd,True,80000,2,python search.py --seed 42 --name_desc allnas --target_space DARTS_lr-wd --gnn_type ensemble --periter_samps 8 --samp_lim 512 --representation adj_gin_a2vcatezcp --epochs 40
True,allnas_zcp_nas_DARTS_fix-w-d,True,80000,2,python search.py --seed 42 --name_desc allnas --target_space DARTS_fix-w-d --gnn_type ensemble --periter_samps 8 --samp_lim 512 --representation adj_gin_a2vcatezcp --epochs 40


False,expall_t,True,80000,2,python search.py --seed 42 --name_desc  allnas_t --source_space nb201 --target_spacenb101  --gnn_type ensemble --periter_samps 8 --samp_lim 512 --representation adj_gin_zcp --joint_repr --epochs 40
False,expall_t,True,80000,2,python search.py --seed 42 --name_desc  allnas_t --source_space nb101 --target_space nb201  --gnn_type ensemble --periter_samps 8 --samp_lim 512 --representation adj_gin_zcp --joint_repr --epochs 40
False,expall_t,True,80000,2,python search.py --seed 42 --name_desc  allnas_t --source_space nb201 --target_space tb101  --gnn_type ensemble --periter_samps 8 --samp_lim 512 --representation adj_gin_zcp --joint_repr --epochs 40
False,expall_t,True,80000,2,python search.py --seed 42 --name_desc  allnas_t --source_space tb101 --target_space Amoeba  --gnn_type ensemble --periter_samps 8 --samp_lim 512 --representation adj_gin_zcp --joint_repr --epochs 40
False,expall_t,True,80000,2,python search.py --seed 42 --name_desc  allnas_t --source_space Amoeba --target_space PNAS_fix-w-d  --gnn_type ensemble --periter_samps 8 --samp_lim 512 --representation adj_gin_zcp --joint_repr --epochs 40
False,expall_t,True,80000,2,python search.py --seed 42 --name_desc  allnas_t --source_space PNAS_fix-w-d  --target_space ENAS_fix-w-d  --gnn_type ensemble --periter_samps 8 --samp_lim 512 --representation adj_gin_zcp --joint_repr --epochs 40
False,expall_t,True,80000,2,python search.py --seed 42 --name_desc  allnas_t --source_space ENAS_fix-w-d  --target_space NASNet  --gnn_type ensemble --periter_samps 8 --samp_lim 512 --representation adj_gin_zcp --joint_repr --epochs 40
False,expall_t,True,80000,2,python search.py --seed 42 --name_desc  allnas_t --source_space NASNet --target_space DARTS  --gnn_type ensemble --periter_samps 8 --samp_lim 512 --representation adj_gin_zcp --joint_repr --epochs 40
False,expall_t,True,80000,2,python search.py --seed 42 --name_desc  allnas_t --source_space DARTS --target_space ENAS  --gnn_type ensemble --periter_samps 8 --samp_lim 512 --representation adj_gin_zcp --joint_repr --epochs 40
False,expall_t,True,80000,2,python search.py --seed 42 --name_desc  allnas_t --source_space ENAS --target_space PNAS  --gnn_type ensemble --periter_samps 8 --samp_lim 512 --representation adj_gin_zcp --joint_repr --epochs 40
False,expall_t,True,80000,2,python search.py --seed 42 --name_desc  allnas_t --source_space PNAS --target_space DARTS_lr-wd  --gnn_type ensemble --periter_samps 8 --samp_lim 512 --representation adj_gin_zcp --joint_repr --epochs 40
False,expall_t,True,80000,2,python search.py --seed 42 --name_desc  allnas_t --source_space DARTS_lr-wd   --target_space DARTS_fix-w-d  --gnn_type ensemble --periter_samps 8 --samp_lim 512 --representation adj_gin_zcp --joint_repr --epochs 40
False,expall_t,True,80000,2,python search.py --seed 42 --name_desc  allnas_t --source_space nb201 --target_spacenb101  --gnn_type ensemble --periter_samps 8 --samp_lim 512 --representation adj_gin --joint_repr --epochs 40
False,expall_t,True,80000,2,python search.py --seed 42 --name_desc  allnas_t --source_space nb101 --target_space nb201  --gnn_type ensemble --periter_samps 8 --samp_lim 512 --representation adj_gin --joint_repr --epochs 40
False,expall_t,True,80000,2,python search.py --seed 42 --name_desc  allnas_t --source_space nb201 --target_space nb301  --gnn_type ensemble --periter_samps 8 --samp_lim 512 --representation adj_gin --joint_repr --epochs 40
False,expall_t,True,80000,2,python search.py --seed 42 --name_desc  allnas_t --source_space nb201 --target_space tb101  --gnn_type ensemble --periter_samps 8 --samp_lim 512 --representation adj_gin --joint_repr --epochs 40
False,expall_t,True,80000,2,python search.py --seed 42 --name_desc  allnas_t --source_space tb101 --target_space Amoeba  --gnn_type ensemble --periter_samps 8 --samp_lim 512 --representation adj_gin --joint_repr --epochs 40
False,expall_t,True,80000,2,python search.py --seed 42 --name_desc  allnas_t --source_space Amoeba --target_space PNAS_fix-w-d  --gnn_type ensemble --periter_samps 8 --samp_lim 512 --representation adj_gin --joint_repr --epochs 40
False,expall_t,True,80000,2,python search.py --seed 42 --name_desc  allnas_t --source_space PNAS_fix-w-d  --target_space ENAS_fix-w-d  --gnn_type ensemble --periter_samps 8 --samp_lim 512 --representation adj_gin --joint_repr --epochs 40
False,expall_t,True,80000,2,python search.py --seed 42 --name_desc  allnas_t --source_space ENAS_fix-w-d  --target_space NASNet  --gnn_type ensemble --periter_samps 8 --samp_lim 512 --representation adj_gin --joint_repr --epochs 40
False,expall_t,True,80000,2,python search.py --seed 42 --name_desc  allnas_t --source_space NASNet --target_space DARTS  --gnn_type ensemble --periter_samps 8 --samp_lim 512 --representation adj_gin --joint_repr --epochs 40
False,expall_t,True,80000,2,python search.py --seed 42 --name_desc  allnas_t --source_space DARTS --target_space ENAS  --gnn_type ensemble --periter_samps 8 --samp_lim 512 --representation adj_gin --joint_repr --epochs 40
False,expall_t,True,80000,2,python search.py --seed 42 --name_desc  allnas_t --source_space ENAS --target_space PNAS  --gnn_type ensemble --periter_samps 8 --samp_lim 512 --representation adj_gin --joint_repr --epochs 40
False,expall_t,True,80000,2,python search.py --seed 42 --name_desc  allnas_t --source_space PNAS --target_space DARTS_lr-wd  --gnn_type ensemble --periter_samps 8 --samp_lim 512 --representation adj_gin --joint_repr --epochs 40
False,expall_t,True,80000,2,python search.py --seed 42 --name_desc  allnas_t --source_space DARTS_lr-wd   --target_space DARTS_fix-w-d  --gnn_type ensemble --periter_samps 8 --samp_lim 512 --representation adj_gin --joint_repr --epochs 40
False,expall_t,True,80000,2,python search.py --seed 42 --name_desc  allnas_t --source_space nb201 --target_space nb101  --gnn_type ensemble --periter_samps 8 --samp_lim 512 --representation adj_gin_arch2vec --joint_repr --epochs 40
False,expall_t,True,80000,2,python search.py --seed 42 --name_desc  allnas_t --source_space nb101 --target_space nb201  --gnn_type ensemble --periter_samps 8 --samp_lim 512 --representation adj_gin_arch2vec --joint_repr --epochs 40
False,expall_t,True,80000,2,python search.py --seed 42 --name_desc  allnas_t --source_space nb201 --target_space nb301  --gnn_type ensemble --periter_samps 8 --samp_lim 512 --representation adj_gin_arch2vec --joint_repr --epochs 40
False,expall_t,True,80000,2,python search.py --seed 42 --name_desc  allnas_t --source_space nb201 --target_space tb101  --gnn_type ensemble --periter_samps 8 --samp_lim 512 --representation adj_gin_arch2vec --joint_repr --epochs 40
False,expall_t,True,80000,2,python search.py --seed 42 --name_desc  allnas_t --source_space tb101 --target_space Amoeba  --gnn_type ensemble --periter_samps 8 --samp_lim 512 --representation adj_gin_arch2vec --joint_repr --epochs 40
False,expall_t,True,80000,2,python search.py --seed 42 --name_desc  allnas_t --source_space Amoeba --target_space PNAS_fix-w-d  --gnn_type ensemble --periter_samps 8 --samp_lim 512 --representation adj_gin_arch2vec --joint_repr --epochs 40
False,expall_t,True,80000,2,python search.py --seed 42 --name_desc  allnas_t --source_space PNAS_fix-w-d  --target_space ENAS_fix-w-d  --gnn_type ensemble --periter_samps 8 --samp_lim 512 --representation adj_gin_arch2vec --joint_repr --epochs 40
False,expall_t,True,80000,2,python search.py --seed 42 --name_desc  allnas_t --source_space ENAS_fix-w-d  --target_space NASNet  --gnn_type ensemble --periter_samps 8 --samp_lim 512 --representation adj_gin_arch2vec --joint_repr --epochs 40
False,expall_t,True,80000,2,python search.py --seed 42 --name_desc  allnas_t --source_space NASNet --target_space DARTS  --gnn_type ensemble --periter_samps 8 --samp_lim 512 --representation adj_gin_arch2vec --joint_repr --epochs 40
False,expall_t,True,80000,2,python search.py --seed 42 --name_desc  allnas_t --source_space DARTS --target_space ENAS  --gnn_type ensemble --periter_samps 8 --samp_lim 512 --representation adj_gin_arch2vec --joint_repr --epochs 40
False,expall_t,True,80000,2,python search.py --seed 42 --name_desc  allnas_t --source_space ENAS --target_space PNAS  --gnn_type ensemble --periter_samps 8 --samp_lim 512 --representation adj_gin_arch2vec --joint_repr --epochs 40
False,expall_t,True,80000,2,python search.py --seed 42 --name_desc  allnas_t --source_space PNAS --target_space DARTS_lr-wd  --gnn_type ensemble --periter_samps 8 --samp_lim 512 --representation adj_gin_arch2vec --joint_repr --epochs 40
False,expall_t,True,80000,2,python search.py --seed 42 --name_desc  allnas_t --source_space DARTS_lr-wd   --target_space DARTS_fix-w-d  --gnn_type ensemble --periter_samps 8 --samp_lim 512 --representation adj_gin_arch2vec --joint_repr --epochs 40
False,expall_t,True,80000,2,python search.py --seed 42 --name_desc  allnas_t --source_space nb201 --target_spacenb101  --gnn_type ensemble --periter_samps 8 --samp_lim 512 --representation adj_gin_arch2vec_cate --joint_repr --epochs 40
False,expall_t,True,80000,2,python search.py --seed 42 --name_desc  allnas_t --source_space nb101 --target_space nb201  --gnn_type ensemble --periter_samps 8 --samp_lim 512 --representation adj_gin_arch2vec_cate --joint_repr --epochs 40
False,expall_t,True,80000,2,python search.py --seed 42 --name_desc  allnas_t --source_space nb201 --target_space nb301  --gnn_type ensemble --periter_samps 8 --samp_lim 512 --representation adj_gin_arch2vec_cate --joint_repr --epochs 40
False,expall_t,True,80000,2,python search.py --seed 42 --name_desc  allnas_t --source_space nb201 --target_space tb101  --gnn_type ensemble --periter_samps 8 --samp_lim 512 --representation adj_gin_arch2vec_cate --joint_repr --epochs 40
False,expall_t,True,80000,2,python search.py --seed 42 --name_desc  allnas_t --source_space tb101 --target_space Amoeba  --gnn_type ensemble --periter_samps 8 --samp_lim 512 --representation adj_gin_arch2vec_cate --joint_repr --epochs 40
False,expall_t,True,80000,2,python search.py --seed 42 --name_desc  allnas_t --source_space Amoeba --target_space PNAS_fix-w-d  --gnn_type ensemble --periter_samps 8 --samp_lim 512 --representation adj_gin_arch2vec_cate --joint_repr --epochs 40
False,expall_t,True,80000,2,python search.py --seed 42 --name_desc  allnas_t --source_space PNAS_fix-w-d  --target_space ENAS_fix-w-d  --gnn_type ensemble --periter_samps 8 --samp_lim 512 --representation adj_gin_arch2vec_cate --joint_repr --epochs 40
False,expall_t,True,80000,2,python search.py --seed 42 --name_desc  allnas_t --source_space ENAS_fix-w-d  --target_space NASNet  --gnn_type ensemble --periter_samps 8 --samp_lim 512 --representation adj_gin_arch2vec_cate --joint_repr --epochs 40
False,expall_t,True,80000,2,python search.py --seed 42 --name_desc  allnas_t --source_space NASNet --target_space DARTS  --gnn_type ensemble --periter_samps 8 --samp_lim 512 --representation adj_gin_arch2vec_cate --joint_repr --epochs 40
False,expall_t,True,80000,2,python search.py --seed 42 --name_desc  allnas_t --source_space DARTS --target_space ENAS  --gnn_type ensemble --periter_samps 8 --samp_lim 512 --representation adj_gin_arch2vec_cate --joint_repr --epochs 40
False,expall_t,True,80000,2,python search.py --seed 42 --name_desc  allnas_t --source_space ENAS --target_space PNAS  --gnn_type ensemble --periter_samps 8 --samp_lim 512 --representation adj_gin_arch2vec_cate --joint_repr --epochs 40
False,expall_t,True,80000,2,python search.py --seed 42 --name_desc  allnas_t --source_space PNAS --target_space DARTS_lr-wd  --gnn_type ensemble --periter_samps 8 --samp_lim 512 --representation adj_gin_arch2vec_cate --joint_repr --epochs 40
False,expall_t,True,80000,2,python search.py --seed 42 --name_desc  allnas_t --source_space DARTS_lr-wd   --target_space DARTS_fix-w-d  --gnn_type ensemble --periter_samps 8 --samp_lim 512 --representation adj_gin_arch2vec_cate --joint_repr --epochs 40


False,allnas_nas_nb101,True,80000,2,python search.py --seed 42 --name_desc allnas --target_space nb101 --gnn_type ensemble --periter_samps 8 --samp_lim 512 --representation adj_gin_cate --epochs 40
False,allnas_nas_nb201,True,80000,2,python search.py --seed 42 --name_desc allnas --target_space nb201 --gnn_type ensemble --periter_samps 8 --samp_lim 512 --representation adj_gin_cate --epochs 40
False,allnas_nas_nb301,True,80000,2,python search.py --seed 42 --name_desc allnas --target_space nb301 --gnn_type ensemble --periter_samps 8 --samp_lim 512 --representation adj_gin_cate --epochs 40
False,allnas_nas_tb101,True,80000,2,python search.py --seed 42 --name_desc allnas --target_space tb101 --gnn_type ensemble --periter_samps 8 --samp_lim 512 --representation adj_gin_cate --epochs 40
False,allnas_nas_Amoeba,True,80000,2,python search.py --seed 42 --name_desc allnas --target_space Amoeba --gnn_type ensemble --periter_samps 8 --samp_lim 512 --representation adj_gin_cate --epochs 40
False,allnas_nas_PNAS_fix-w-d,True,80000,2,python search.py --seed 42 --name_desc allnas --target_space PNAS_fix-w-d --gnn_type ensemble --periter_samps 8 --samp_lim 512 --representation adj_gin_cate --epochs 40
False,allnas_nas_ENAS_fix-w-d,True,80000,2,python search.py --seed 42 --name_desc allnas --target_space ENAS_fix-w-d --gnn_type ensemble --periter_samps 8 --samp_lim 512 --representation adj_gin_cate --epochs 40
False,allnas_nas_NASNet,True,80000,2,python search.py --seed 42 --name_desc allnas --target_space NASNet --gnn_type ensemble --periter_samps 8 --samp_lim 512 --representation adj_gin_cate --epochs 40
False,allnas_nas_DARTS,True,80000,2,python search.py --seed 42 --name_desc allnas --target_space DARTS --gnn_type ensemble --periter_samps 8 --samp_lim 512 --representation adj_gin_cate --epochs 40
False,allnas_nas_ENAS,True,80000,2,python search.py --seed 42 --name_desc allnas --target_space ENAS --gnn_type ensemble --periter_samps 8 --samp_lim 512 --representation adj_gin_cate --epochs 40
False,allnas_nas_PNAS,True,80000,2,python search.py --seed 42 --name_desc allnas --target_space PNAS --gnn_type ensemble --periter_samps 8 --samp_lim 512 --representation adj_gin_cate --epochs 40
False,allnas_nas_DARTS_lr-wd,True,80000,2,python search.py --seed 42 --name_desc allnas --target_space DARTS_lr-wd --gnn_type ensemble --periter_samps 8 --samp_lim 512 --representation adj_gin_cate --epochs 40
False,allnas_nas_DARTS_fix-w-d,True,80000,2,python search.py --seed 42 --name_desc allnas --target_space DARTS_fix-w-d --gnn_type ensemble --periter_samps 8 --samp_lim 512 --representation adj_gin_cate --epochs 40
False,allnas_zcp_nas_nb301,True,80000,2,python search.py --seed 42 --name_desc allnas --target_space nb301 --gnn_type ensemble --periter_samps 8 --samp_lim 512 --representation adj_gin_cate --epochs 40
False,expall_t,True,80000,2,python search.py --seed 42 --name_desc  allnas_t --source_space nb201 --target_space nb301  --gnn_type ensemble --periter_samps 8 --samp_lim 512 --representation adj_gin_cate --joint_repr --epochs 40

False,expall_t,True,80000,2,python search.py --seed 42 --name_desc  allnas_t --source_space nb201 --target_spacenb101  --gnn_type ensemble --periter_samps 8 --samp_lim 512 --representation adj_gin_cate --joint_repr --epochs 40
False,expall_t,True,80000,2,python search.py --seed 42 --name_desc  allnas_t --source_space nb101 --target_space nb201  --gnn_type ensemble --periter_samps 8 --samp_lim 512 --representation adj_gin_cate --joint_repr --epochs 40
False,expall_t,True,80000,2,python search.py --seed 42 --name_desc  allnas_t --source_space nb201 --target_space nb301  --gnn_type ensemble --periter_samps 8 --samp_lim 512 --representation adj_gin_cate --joint_repr --epochs 40
False,expall_t,True,80000,2,python search.py --seed 42 --name_desc  allnas_t --source_space nb201 --target_space tb101  --gnn_type ensemble --periter_samps 8 --samp_lim 512 --representation adj_gin_cate --joint_repr --epochs 40
False,expall_t,True,80000,2,python search.py --seed 42 --name_desc  allnas_t --source_space tb101 --target_space Amoeba  --gnn_type ensemble --periter_samps 8 --samp_lim 512 --representation adj_gin_cate --joint_repr --epochs 40
False,expall_t,True,80000,2,python search.py --seed 42 --name_desc  allnas_t --source_space Amoeba --target_space PNAS_fix-w-d  --gnn_type ensemble --periter_samps 8 --samp_lim 512 --representation adj_gin_cate --joint_repr --epochs 40
False,expall_t,True,80000,2,python search.py --seed 42 --name_desc  allnas_t --source_space PNAS_fix-w-d  --target_space ENAS_fix-w-d  --gnn_type ensemble --periter_samps 8 --samp_lim 512 --representation adj_gin_cate --joint_repr --epochs 40
False,expall_t,True,80000,2,python search.py --seed 42 --name_desc  allnas_t --source_space ENAS_fix-w-d  --target_space NASNet  --gnn_type ensemble --periter_samps 8 --samp_lim 512 --representation adj_gin_cate --joint_repr --epochs 40
False,expall_t,True,80000,2,python search.py --seed 42 --name_desc  allnas_t --source_space NASNet --target_space DARTS  --gnn_type ensemble --periter_samps 8 --samp_lim 512 --representation adj_gin_cate --joint_repr --epochs 40
False,expall_t,True,80000,2,python search.py --seed 42 --name_desc  allnas_t --source_space DARTS --target_space ENAS  --gnn_type ensemble --periter_samps 8 --samp_lim 512 --representation adj_gin_cate --joint_repr --epochs 40
False,expall_t,True,80000,2,python search.py --seed 42 --name_desc  allnas_t --source_space ENAS --target_space PNAS  --gnn_type ensemble --periter_samps 8 --samp_lim 512 --representation adj_gin_cate --joint_repr --epochs 40
False,expall_t,True,80000,2,python search.py --seed 42 --name_desc  allnas_t --source_space PNAS --target_space DARTS_lr-wd  --gnn_type ensemble --periter_samps 8 --samp_lim 512 --representation adj_gin_cate --joint_repr --epochs 40


False,expall_t,True,80000,2,python search.py --seed 42 --name_desc  allnas_t --source_space DARTS_lr-wd   --target_space DARTS_fix-w-d  --gnn_type ensemble --periter_samps 8 --samp_lim 512 --representation adj_gin_a2vcatezcp --joint_repr --epochs 40
False,expall_t,True,80000,2,python search.py --seed 42 --name_desc  allnas_t --source_space nb201 --target_spacenb101  --gnn_type ensemble --periter_samps 8 --samp_lim 512 --representation adj_gin_a2vcatezcp --joint_repr --epochs 40
False,expall_t,True,80000,2,python search.py --seed 42 --name_desc  allnas_t --source_space nb101 --target_space nb201  --gnn_type ensemble --periter_samps 8 --samp_lim 512 --representation adj_gin_a2vcatezcp --joint_repr --epochs 40
False,expall_t,True,80000,2,python search.py --seed 42 --name_desc  allnas_t --source_space nb201 --target_space nb301  --gnn_type ensemble --periter_samps 8 --samp_lim 512 --representation adj_gin_a2vcatezcp --joint_repr --epochs 40
False,expall_t,True,80000,2,python search.py --seed 42 --name_desc  allnas_t --source_space nb201 --target_space tb101  --gnn_type ensemble --periter_samps 8 --samp_lim 512 --representation adj_gin_a2vcatezcp --joint_repr --epochs 40
False,expall_t,True,80000,2,python search.py --seed 42 --name_desc  allnas_t --source_space tb101 --target_space Amoeba  --gnn_type ensemble --periter_samps 8 --samp_lim 512 --representation adj_gin_a2vcatezcp --joint_repr --epochs 40
False,expall_t,True,80000,2,python search.py --seed 42 --name_desc  allnas_t --source_space Amoeba --target_space PNAS_fix-w-d  --gnn_type ensemble --periter_samps 8 --samp_lim 512 --representation adj_gin_a2vcatezcp --joint_repr --epochs 40
False,expall_t,True,80000,2,python search.py --seed 42 --name_desc  allnas_t --source_space PNAS_fix-w-d  --target_space ENAS_fix-w-d  --gnn_type ensemble --periter_samps 8 --samp_lim 512 --representation adj_gin_a2vcatezcp --joint_repr --epochs 40
False,expall_t,True,80000,2,python search.py --seed 42 --name_desc  allnas_t --source_space ENAS_fix-w-d  --target_space NASNet  --gnn_type ensemble --periter_samps 8 --samp_lim 512 --representation adj_gin_a2vcatezcp --joint_repr --epochs 40
False,expall_t,True,80000,2,python search.py --seed 42 --name_desc  allnas_t --source_space NASNet --target_space DARTS  --gnn_type ensemble --periter_samps 8 --samp_lim 512 --representation adj_gin_a2vcatezcp --joint_repr --epochs 40
False,expall_t,True,80000,2,python search.py --seed 42 --name_desc  allnas_t --source_space DARTS --target_space ENAS  --gnn_type ensemble --periter_samps 8 --samp_lim 512 --representation adj_gin_a2vcatezcp --joint_repr --epochs 40
False,expall_t,True,80000,2,python search.py --seed 42 --name_desc  allnas_t --source_space ENAS --target_space PNAS  --gnn_type ensemble --periter_samps 8 --samp_lim 512 --representation adj_gin_a2vcatezcp --joint_repr --epochs 40
False,expall_t,True,80000,2,python search.py --seed 42 --name_desc  allnas_t --source_space PNAS --target_space DARTS_lr-wd  --gnn_type ensemble --periter_samps 8 --samp_lim 512 --representation adj_gin_a2vcatezcp --joint_repr --epochs 40
False,expall_t,True,80000,2,python search.py --seed 42 --name_desc  allnas_t --source_space DARTS_lr-wd   --target_space DARTS_fix-w-d  --gnn_type ensemble --periter_samps 8 --samp_lim 512 --representation adj_gin_a2vcatezcp --joint_repr --epochs 40